<?xml version="1.0" encoding="UTF-8"?>
<!-- Generated by org.testng.reporters.JUnitReportReporter -->
<testsuite skipped="0" hostname="DESKTOP-SDJU098" name="MavenTestNGPackage.TestNGClass" tests="4" failures="0" timestamp="2020-12-27T12:37:27 IST" time="40.544" errors="0">
  <testcase name="TestCase4" time="6.397" classname="MavenTestNGPackage.TestNGClass"/>
  <system-out/>
  <testcase name="TestCase2" time="6.091" classname="MavenTestNGPackage.TestNGClass"/>
  <system-out/>
  <testcase name="TestCase3" time="6.499" classname="MavenTestNGPackage.TestNGClass"/>
  <system-out/>
  <testcase name="TestCase1" time="21.557" classname="MavenTestNGPackage.TestNGClass"/>
  <system-out/>
</testsuite> <!-- MavenTestNGPackage.TestNGClass -->
