<?xml version="1.0" encoding="UTF-8"?>
<!-- Generated by org.testng.reporters.JUnitReportReporter -->
<testsuite skipped="0" hostname="DESKTOP-SDJU098" name="MavenTestNGPackage.TestNGClass" tests="4" failures="0" timestamp="2020-12-19T15:50:49 IST" time="26.779" errors="0">
  <testcase name="TestCase2" time="6.459" classname="MavenTestNGPackage.TestNGClass"/>
  <system-out/>
  <testcase name="TestCase1" time="6.513" classname="MavenTestNGPackage.TestNGClass"/>
  <system-out/>
  <testcase name="TestCase3" time="6.555" classname="MavenTestNGPackage.TestNGClass"/>
  <system-out/>
  <testcase name="TestCase4" time="7.252" classname="MavenTestNGPackage.TestNGClass"/>
  <system-out/>
</testsuite> <!-- MavenTestNGPackage.TestNGClass -->
